Thermistor Temperature = 26 *C
Thermistor Temperature = 26 *C
Thermistor Temperature = 26 *C
[
22.00, 21.00, 21.50, 21.50, 21.50, 22.00, 21.75, 22.00, 
21.50, 21.25, 21.50, 22.00, 22.00, 21.75, 21.50, 22.00, 
20.75, 21.50, 21.75, 22.00, 22.00, 21.50, 22.00, 22.25, 
21.50, 21.50, 21.75, 22.00, 22.25, 21.50, 22.00, 22.50, 
21.50, 21.50, 21.00, 21.50, 22.00, 21.50, 21.75, 23.75, 
20.50, 21.25, 21.25, 21.25, 21.50, 21.25, 22.00, 24.50, 
21.00, 21.25, 20.75, 21.75, 21.50, 22.00, 22.75, 25.25, 
21.00, 22.25, 21.00, 21.25, 22.25, 22.00, 25.00, 25.75, 
]

[
21.50, 21.50, 21.50, 22.00, 21.50, 21.75, 22.25, 22.50, 
21.50, 21.75, 21.75, 21.75, 22.00, 21.75, 21.25, 22.25, 
20.75, 21.25, 21.50, 22.25, 22.25, 22.00, 22.00, 22.25, 
21.50, 21.75, 21.25, 22.00, 21.50, 21.75, 21.75, 22.25, 
21.25, 21.50, 21.00, 21.50, 21.75, 22.00, 22.00, 23.75, 
21.25, 20.75, 21.00, 21.50, 21.00, 21.50, 22.25, 24.25, 
21.50, 21.50, 20.75, 21.25, 22.00, 22.00, 23.00, 25.25, 
21.75, 21.25, 21.25, 21.50, 22.00, 22.25, 25.25, 26.25, 
]

[
21.25, 21.50, 21.25, 21.50, 21.25, 21.50, 21.25, 21.50, 
21.25, 21.25, 21.50, 21.50, 22.00, 21.50, 21.50, 21.50, 
21.00, 21.25, 21.00, 22.00, 21.50, 21.50, 21.25, 22.00, 
21.00, 21.00, 21.25, 21.75, 22.00, 21.75, 21.75, 22.00, 
21.00, 21.25, 21.00, 21.25, 21.75, 21.75, 21.25, 23.50, 
20.50, 20.25, 21.25, 20.75, 21.00, 21.25, 22.50, 23.75, 
21.50, 21.50, 21.25, 21.00, 21.50, 22.00, 22.50, 24.75, 
21.25, 21.50, 20.75, 20.75, 21.50, 21.75, 24.50, 26.75, 
]

[
21.25, 21.25, 21.50, 21.25, 20.75, 21.50, 21.00, 21.50, 
21.00, 21.00, 21.25, 21.50, 21.75, 21.75, 21.25, 21.50, 
21.00, 21.00, 21.50, 22.00, 21.25, 21.50, 21.75, 21.75, 
21.00, 21.50, 21.50, 22.25, 22.00, 21.25, 21.25, 22.25, 
20.75, 21.00, 21.50, 21.25, 21.50, 21.00, 21.75, 23.00, 
21.00, 20.75, 21.00, 21.00, 21.00, 21.50, 22.25, 24.25, 
20.75, 20.75, 21.00, 21.00, 21.75, 21.75, 22.75, 24.50, 
21.50, 21.25, 20.75, 20.75, 21.50, 21.50, 24.50, 26.00, 
]

[
21.00, 21.00, 21.25, 21.50, 21.50, 21.25, 21.50, 22.00, 
21.25, 21.50, 21.00, 21.75, 21.75, 22.00, 21.75, 22.25, 
20.25, 21.25, 21.75, 22.00, 21.75, 21.75, 22.00, 21.75, 
20.75, 21.25, 21.25, 22.00, 22.00, 21.75, 21.25, 22.25, 
21.25, 20.50, 21.50, 21.25, 21.25, 21.75, 21.50, 23.50, 
21.00, 20.75, 21.00, 20.75, 21.00, 21.00, 22.00, 24.50, 
21.50, 21.50, 21.00, 21.25, 21.50, 21.75, 22.75, 25.00, 
21.75, 21.25, 21.50, 21.25, 21.75, 22.25, 24.00, 25.50, 
]

[
21.50, 21.75, 21.50, 21.75, 21.50, 21.75, 21.75, 21.50, 
21.50, 21.50, 21.50, 22.25, 21.75, 21.75, 21.50, 22.00, 
20.50, 21.25, 21.75, 22.25, 22.00, 21.50, 22.00, 22.50, 
21.25, 21.25, 21.50, 22.25, 22.00, 21.50, 21.50, 22.75, 
21.25, 21.50, 21.50, 21.75, 21.75, 21.75, 21.75, 23.75, 
21.50, 20.75, 21.00, 21.00, 21.00, 21.75, 22.75, 24.75, 
21.00, 21.75, 21.50, 21.25, 21.25, 22.25, 23.00, 25.50, 
21.25, 21.50, 20.50, 21.50, 21.75, 22.00, 24.25, 26.50, 
]

Thermistor Temperature = 26 *C
Thermistor Temperature = 26 *C
Thermistor Temperature = 26 *C
Thermistor Temperature = 26 *C
[
22.25, 21.50, 21.75, 22.00, 22.25, 22.75, 22.50, 22.25, 
22.25, 22.25, 22.00, 22.25, 22.75, 22.75, 22.25, 22.50, 
21.50, 22.00, 22.50, 22.75, 22.75, 22.25, 22.25, 22.50, 
22.00, 22.00, 22.25, 22.50, 22.25, 22.25, 22.75, 22.50, 
21.75, 22.25, 22.25, 22.00, 22.50, 22.25, 22.75, 24.50, 
21.25, 22.25, 21.75, 21.50, 21.75, 22.25, 23.25, 24.50, 
22.00, 22.00, 22.00, 22.25, 22.25, 22.75, 23.75, 26.00, 
21.50, 22.50, 22.00, 22.75, 22.00, 23.00, 25.25, 26.75, 
]

Thermistor Temperature = 26 *C
[
21.75, 22.00, 21.75, 22.25, 21.75, 22.00, 21.75, 22.25, 
22.00, 21.75, 21.75, 22.25, 22.50, 22.00, 22.50, 22.25, 
21.00, 22.00, 22.00, 22.50, 22.50, 22.50, 22.00, 22.50, 
22.00, 22.00, 21.75, 22.25, 22.50, 22.50, 21.50, 23.00, 
22.00, 22.00, 21.50, 21.75, 21.75, 22.50, 22.25, 24.25, 
21.50, 21.00, 21.50, 22.25, 22.00, 21.50, 23.00, 25.25, 
22.00, 22.50, 21.50, 22.25, 22.00, 22.25, 23.50, 25.25, 
21.50, 21.75, 21.75, 22.25, 22.50, 22.75, 25.50, 26.75, 
]

[
21.50, 21.75, 21.75, 22.25, 21.75, 22.00, 22.25, 22.00, 
22.00, 21.50, 21.75, 22.00, 22.50, 22.00, 22.25, 22.50, 
21.25, 21.75, 22.00, 22.25, 22.50, 21.75, 21.75, 22.25, 
21.50, 21.75, 21.50, 22.50, 22.50, 21.75, 22.25, 22.75, 
21.00, 21.75, 21.50, 21.75, 22.25, 22.00, 22.25, 24.25, 
21.25, 21.25, 21.50, 22.00, 21.50, 22.00, 22.75, 24.75, 
21.50, 22.50, 21.75, 21.50, 22.00, 22.00, 23.00, 25.50, 
21.75, 22.00, 22.00, 21.25, 21.75, 22.25, 24.75, 26.75, 
]

[
21.75, 21.50, 22.25, 22.50, 21.25, 22.50, 22.25, 22.25, 
21.50, 22.00, 21.75, 22.00, 22.25, 21.75, 22.50, 21.75, 
21.25, 22.00, 22.50, 22.25, 22.75, 22.00, 22.50, 22.50, 
22.00, 22.25, 22.00, 22.75, 22.25, 22.25, 22.50, 23.25, 
22.00, 22.00, 21.75, 22.00, 22.00, 22.25, 22.75, 24.00, 
21.50, 21.25, 21.50, 21.75, 22.00, 21.75, 22.75, 24.75, 
21.50, 22.00, 21.50, 21.50, 22.00, 22.50, 23.25, 25.25, 
21.75, 22.50, 21.75, 22.00, 22.25, 22.50, 25.00, 27.00, 
]

Thermistor Temperature = 26 *C
Thermistor Temperature = 26 *C
[
22.25, 22.25, 22.25, 22.25, 22.50, 22.50, 22.50, 22.50, 
22.25, 22.00, 22.00, 23.00, 22.75, 22.75, 22.75, 23.00, 
21.00, 22.25, 22.00, 22.75, 22.75, 22.50, 22.00, 22.75, 
22.25, 22.00, 22.00, 22.50, 23.00, 22.50, 22.50, 23.25, 
21.50, 21.75, 21.75, 22.25, 22.75, 22.50, 23.25, 24.50, 
21.25, 22.25, 22.00, 22.00, 22.25, 22.25, 23.00, 25.00, 
22.50, 22.25, 21.75, 22.25, 22.25, 22.50, 23.25, 25.25, 
21.50, 22.50, 22.00, 21.75, 22.50, 22.75, 25.00, 26.25, 
]

